CRITICAL - 2020-07-04 03:04:05 --> Undefined property: App\Controllers\AdminPages::$session
#0 C:\xampp\htdocs\wisata_indramayu\app\Controllers\AdminPages.php(15): CodeIgniter\Debug\Exceptions->errorHandler(8, 'Undefined prope...', 'C:\\xampp\\htdocs...', 15, Array)
#1 C:\xampp\htdocs\wisata_indramayu\system\CodeIgniter.php(886): App\Controllers\AdminPages->__construct()
#2 C:\xampp\htdocs\wisata_indramayu\system\CodeIgniter.php(395): CodeIgniter\CodeIgniter->createController()
#3 C:\xampp\htdocs\wisata_indramayu\system\CodeIgniter.php(308): CodeIgniter\CodeIgniter->handleRequest(NULL, Object(Config\Cache), false)
#4 C:\xampp\htdocs\wisata_indramayu\public\index.php(45): CodeIgniter\CodeIgniter->run()
#5 C:\xampp\htdocs\wisata_indramayu\system\Commands\Server\rewrite.php(34): require_once('C:\\xampp\\htdocs...')
#6 {main}
CRITICAL - 2020-07-04 03:05:04 --> Undefined property: App\Controllers\AdminPages::$session
#0 C:\xampp\htdocs\wisata_indramayu\app\Controllers\AdminPages.php(12): CodeIgniter\Debug\Exceptions->errorHandler(8, 'Undefined prope...', 'C:\\xampp\\htdocs...', 12, Array)
#1 C:\xampp\htdocs\wisata_indramayu\system\CodeIgniter.php(886): App\Controllers\AdminPages->__construct()
#2 C:\xampp\htdocs\wisata_indramayu\system\CodeIgniter.php(395): CodeIgniter\CodeIgniter->createController()
#3 C:\xampp\htdocs\wisata_indramayu\system\CodeIgniter.php(308): CodeIgniter\CodeIgniter->handleRequest(NULL, Object(Config\Cache), false)
#4 C:\xampp\htdocs\wisata_indramayu\public\index.php(45): CodeIgniter\CodeIgniter->run()
#5 C:\xampp\htdocs\wisata_indramayu\system\Commands\Server\rewrite.php(34): require_once('C:\\xampp\\htdocs...')
#6 {main}
CRITICAL - 2020-07-04 03:05:18 --> Undefined property: App\Controllers\AdminPages::$session
#0 C:\xampp\htdocs\wisata_indramayu\app\Controllers\AdminPages.php(12): CodeIgniter\Debug\Exceptions->errorHandler(8, 'Undefined prope...', 'C:\\xampp\\htdocs...', 12, Array)
#1 C:\xampp\htdocs\wisata_indramayu\system\CodeIgniter.php(886): App\Controllers\AdminPages->__construct()
#2 C:\xampp\htdocs\wisata_indramayu\system\CodeIgniter.php(395): CodeIgniter\CodeIgniter->createController()
#3 C:\xampp\htdocs\wisata_indramayu\system\CodeIgniter.php(308): CodeIgniter\CodeIgniter->handleRequest(NULL, Object(Config\Cache), false)
#4 C:\xampp\htdocs\wisata_indramayu\public\index.php(45): CodeIgniter\CodeIgniter->run()
#5 C:\xampp\htdocs\wisata_indramayu\system\Commands\Server\rewrite.php(34): require_once('C:\\xampp\\htdocs...')
#6 {main}
CRITICAL - 2020-07-04 03:30:39 --> Call to undefined method CodeIgniter\View\View::session()
#0 C:\xampp\htdocs\wisata_indramayu\system\View\View.php(246): include()
#1 C:\xampp\htdocs\wisata_indramayu\system\View\View.php(257): CodeIgniter\View\View->render('admin/admin_lay...', Array, true)
#2 C:\xampp\htdocs\wisata_indramayu\system\Common.php(1087): CodeIgniter\View\View->render('admin/dashboard', Array, true)
#3 C:\xampp\htdocs\wisata_indramayu\app\Controllers\AdminPages.php(20): view('admin/dashboard', Array)
#4 C:\xampp\htdocs\wisata_indramayu\system\CodeIgniter.php(914): App\Controllers\AdminPages->dashboard()
#5 C:\xampp\htdocs\wisata_indramayu\system\CodeIgniter.php(400): CodeIgniter\CodeIgniter->runController(Object(App\Controllers\AdminPages))
#6 C:\xampp\htdocs\wisata_indramayu\system\CodeIgniter.php(308): CodeIgniter\CodeIgniter->handleRequest(NULL, Object(Config\Cache), false)
#7 C:\xampp\htdocs\wisata_indramayu\public\index.php(45): CodeIgniter\CodeIgniter->run()
#8 C:\xampp\htdocs\wisata_indramayu\system\Commands\Server\rewrite.php(34): require_once('C:\\xampp\\htdocs...')
#9 {main}
CRITICAL - 2020-07-04 03:31:10 --> Array to string conversion
#0 C:\xampp\htdocs\wisata_indramayu\app\Views\admin\admin_layout.php(36): CodeIgniter\Debug\Exceptions->errorHandler(8, 'Array to string...', 'C:\\xampp\\htdocs...', 36, Array)
#1 C:\xampp\htdocs\wisata_indramayu\system\View\View.php(246): include('C:\\xampp\\htdocs...')
#2 C:\xampp\htdocs\wisata_indramayu\system\View\View.php(257): CodeIgniter\View\View->render('admin/admin_lay...', Array, true)
#3 C:\xampp\htdocs\wisata_indramayu\system\Common.php(1087): CodeIgniter\View\View->render('admin/dashboard', Array, true)
#4 C:\xampp\htdocs\wisata_indramayu\app\Controllers\AdminPages.php(20): view('admin/dashboard', Array)
#5 C:\xampp\htdocs\wisata_indramayu\system\CodeIgniter.php(914): App\Controllers\AdminPages->dashboard()
#6 C:\xampp\htdocs\wisata_indramayu\system\CodeIgniter.php(400): CodeIgniter\CodeIgniter->runController(Object(App\Controllers\AdminPages))
#7 C:\xampp\htdocs\wisata_indramayu\system\CodeIgniter.php(308): CodeIgniter\CodeIgniter->handleRequest(NULL, Object(Config\Cache), false)
#8 C:\xampp\htdocs\wisata_indramayu\public\index.php(45): CodeIgniter\CodeIgniter->run()
#9 C:\xampp\htdocs\wisata_indramayu\system\Commands\Server\rewrite.php(34): require_once('C:\\xampp\\htdocs...')
#10 {main}
CRITICAL - 2020-07-04 17:33:14 --> Invalid file: {0}
#0 C:\xampp\htdocs\wisata_indramayu\system\View\View.php(228): CodeIgniter\Exceptions\FrameworkException::forInvalidFile('.php')
#1 C:\xampp\htdocs\wisata_indramayu\system\Common.php(1087): CodeIgniter\View\View->render('', Array, true)
#2 C:\xampp\htdocs\wisata_indramayu\app\Controllers\User\Auth.php(94): view('')
#3 C:\xampp\htdocs\wisata_indramayu\system\CodeIgniter.php(914): App\Controllers\User\Auth->login()
#4 C:\xampp\htdocs\wisata_indramayu\system\CodeIgniter.php(400): CodeIgniter\CodeIgniter->runController(Object(App\Controllers\User\Auth))
#5 C:\xampp\htdocs\wisata_indramayu\system\CodeIgniter.php(308): CodeIgniter\CodeIgniter->handleRequest(NULL, Object(Config\Cache), false)
#6 C:\xampp\htdocs\wisata_indramayu\public\index.php(45): CodeIgniter\CodeIgniter->run()
#7 C:\xampp\htdocs\wisata_indramayu\system\Commands\Server\rewrite.php(34): require_once('C:\\xampp\\htdocs...')
#8 {main}
CRITICAL - 2020-07-04 21:01:05 --> Undefined variable: validation
#0 C:\xampp\htdocs\wisata_indramayu\app\Views\admin\auth\login.php(44): CodeIgniter\Debug\Exceptions->errorHandler(8, 'Undefined varia...', 'C:\\xampp\\htdocs...', 44, Array)
#1 C:\xampp\htdocs\wisata_indramayu\system\View\View.php(246): include('C:\\xampp\\htdocs...')
#2 C:\xampp\htdocs\wisata_indramayu\system\Common.php(1087): CodeIgniter\View\View->render('admin/auth/logi...', Array, true)
#3 C:\xampp\htdocs\wisata_indramayu\app\Controllers\Admin\Auth.php(16): view('admin/auth/logi...', Array)
#4 C:\xampp\htdocs\wisata_indramayu\system\CodeIgniter.php(914): App\Controllers\Admin\Auth->login_form()
#5 C:\xampp\htdocs\wisata_indramayu\system\CodeIgniter.php(400): CodeIgniter\CodeIgniter->runController(Object(App\Controllers\Admin\Auth))
#6 C:\xampp\htdocs\wisata_indramayu\system\CodeIgniter.php(308): CodeIgniter\CodeIgniter->handleRequest(NULL, Object(Config\Cache), false)
#7 C:\xampp\htdocs\wisata_indramayu\public\index.php(45): CodeIgniter\CodeIgniter->run()
#8 C:\xampp\htdocs\wisata_indramayu\system\Commands\Server\rewrite.php(34): require_once('C:\\xampp\\htdocs...')
#9 {main}
CRITICAL - 2020-07-04 21:29:42 --> syntax error, unexpected 'if' (T_IF)
#0 C:\xampp\htdocs\wisata_indramayu\system\CodeIgniter.php(360): CodeIgniter\CodeIgniter->tryToRouteIt(NULL)
#1 C:\xampp\htdocs\wisata_indramayu\system\CodeIgniter.php(308): CodeIgniter\CodeIgniter->handleRequest(NULL, Object(Config\Cache), false)
#2 C:\xampp\htdocs\wisata_indramayu\public\index.php(45): CodeIgniter\CodeIgniter->run()
#3 C:\xampp\htdocs\wisata_indramayu\system\Commands\Server\rewrite.php(34): require_once('C:\\xampp\\htdocs...')
#4 {main}
CRITICAL - 2020-07-04 21:36:16 --> Array to string conversion
#0 C:\xampp\htdocs\wisata_indramayu\app\Views\admin\auth\login.php(57): CodeIgniter\Debug\Exceptions->errorHandler(8, 'Array to string...', 'C:\\xampp\\htdocs...', 57, Array)
#1 C:\xampp\htdocs\wisata_indramayu\system\View\View.php(246): include('C:\\xampp\\htdocs...')
#2 C:\xampp\htdocs\wisata_indramayu\system\Common.php(1087): CodeIgniter\View\View->render('admin/auth/logi...', Array, true)
#3 C:\xampp\htdocs\wisata_indramayu\app\Controllers\Admin\Auth.php(26): view('admin/auth/logi...', Array)
#4 C:\xampp\htdocs\wisata_indramayu\system\CodeIgniter.php(914): App\Controllers\Admin\Auth->login_form()
#5 C:\xampp\htdocs\wisata_indramayu\system\CodeIgniter.php(400): CodeIgniter\CodeIgniter->runController(Object(App\Controllers\Admin\Auth))
#6 C:\xampp\htdocs\wisata_indramayu\system\CodeIgniter.php(308): CodeIgniter\CodeIgniter->handleRequest(NULL, Object(Config\Cache), false)
#7 C:\xampp\htdocs\wisata_indramayu\public\index.php(45): CodeIgniter\CodeIgniter->run()
#8 C:\xampp\htdocs\wisata_indramayu\system\Commands\Server\rewrite.php(34): require_once('C:\\xampp\\htdocs...')
#9 {main}
CRITICAL - 2020-07-04 21:38:03 --> Call to undefined method CodeIgniter\Validation\Validation::errorList()
#0 C:\xampp\htdocs\wisata_indramayu\system\View\View.php(246): include()
#1 C:\xampp\htdocs\wisata_indramayu\system\Common.php(1087): CodeIgniter\View\View->render('admin/auth/logi...', Array, true)
#2 C:\xampp\htdocs\wisata_indramayu\app\Controllers\Admin\Auth.php(26): view('admin/auth/logi...', Array)
#3 C:\xampp\htdocs\wisata_indramayu\system\CodeIgniter.php(914): App\Controllers\Admin\Auth->login_form()
#4 C:\xampp\htdocs\wisata_indramayu\system\CodeIgniter.php(400): CodeIgniter\CodeIgniter->runController(Object(App\Controllers\Admin\Auth))
#5 C:\xampp\htdocs\wisata_indramayu\system\CodeIgniter.php(308): CodeIgniter\CodeIgniter->handleRequest(NULL, Object(Config\Cache), false)
#6 C:\xampp\htdocs\wisata_indramayu\public\index.php(45): CodeIgniter\CodeIgniter->run()
#7 C:\xampp\htdocs\wisata_indramayu\system\Commands\Server\rewrite.php(34): require_once('C:\\xampp\\htdocs...')
#8 {main}
CRITICAL - 2020-07-04 21:38:12 --> Call to undefined method CodeIgniter\Validation\Validation::listError()
#0 C:\xampp\htdocs\wisata_indramayu\system\View\View.php(246): include()
#1 C:\xampp\htdocs\wisata_indramayu\system\Common.php(1087): CodeIgniter\View\View->render('admin/auth/logi...', Array, true)
#2 C:\xampp\htdocs\wisata_indramayu\app\Controllers\Admin\Auth.php(26): view('admin/auth/logi...', Array)
#3 C:\xampp\htdocs\wisata_indramayu\system\CodeIgniter.php(914): App\Controllers\Admin\Auth->login_form()
#4 C:\xampp\htdocs\wisata_indramayu\system\CodeIgniter.php(400): CodeIgniter\CodeIgniter->runController(Object(App\Controllers\Admin\Auth))
#5 C:\xampp\htdocs\wisata_indramayu\system\CodeIgniter.php(308): CodeIgniter\CodeIgniter->handleRequest(NULL, Object(Config\Cache), false)
#6 C:\xampp\htdocs\wisata_indramayu\public\index.php(45): CodeIgniter\CodeIgniter->run()
#7 C:\xampp\htdocs\wisata_indramayu\system\Commands\Server\rewrite.php(34): require_once('C:\\xampp\\htdocs...')
#8 {main}
