CRITICAL - 2020-08-21 01:51:55 --> Invalid argument supplied for foreach()
#0 C:\xampp\htdocs\wisata_indramayu\app\Controllers\Webhook\DialogflowRespond.php(220): CodeIgniter\Debug\Exceptions->errorHandler(2, 'Invalid argumen...', 'C:\\xampp\\htdocs...', 220, Array)
#1 C:\xampp\htdocs\wisata_indramayu\app\Controllers\Webhook\DialogflowRespond.php(64): App\Controllers\Webhook\DialogflowRespond->sendRichMessageForWisataList('Berikut adalah ...', 'Berikut ini ada...')
#2 C:\xampp\htdocs\wisata_indramayu\system\CodeIgniter.php(914): App\Controllers\Webhook\DialogflowRespond->index()
#3 C:\xampp\htdocs\wisata_indramayu\system\CodeIgniter.php(400): CodeIgniter\CodeIgniter->runController(Object(App\Controllers\Webhook\DialogflowRespond))
#4 C:\xampp\htdocs\wisata_indramayu\system\CodeIgniter.php(308): CodeIgniter\CodeIgniter->handleRequest(NULL, Object(Config\Cache), false)
#5 C:\xampp\htdocs\wisata_indramayu\public\index.php(45): CodeIgniter\CodeIgniter->run()
#6 {main}
CRITICAL - 2020-08-21 01:52:41 --> Invalid argument supplied for foreach()
#0 C:\xampp\htdocs\wisata_indramayu\app\Controllers\Webhook\DialogflowRespond.php(220): CodeIgniter\Debug\Exceptions->errorHandler(2, 'Invalid argumen...', 'C:\\xampp\\htdocs...', 220, Array)
#1 C:\xampp\htdocs\wisata_indramayu\app\Controllers\Webhook\DialogflowRespond.php(64): App\Controllers\Webhook\DialogflowRespond->sendRichMessageForWisataList('Berikut adalah ...', 'Berikut ini ada...')
#2 C:\xampp\htdocs\wisata_indramayu\system\CodeIgniter.php(914): App\Controllers\Webhook\DialogflowRespond->index()
#3 C:\xampp\htdocs\wisata_indramayu\system\CodeIgniter.php(400): CodeIgniter\CodeIgniter->runController(Object(App\Controllers\Webhook\DialogflowRespond))
#4 C:\xampp\htdocs\wisata_indramayu\system\CodeIgniter.php(308): CodeIgniter\CodeIgniter->handleRequest(NULL, Object(Config\Cache), false)
#5 C:\xampp\htdocs\wisata_indramayu\public\index.php(45): CodeIgniter\CodeIgniter->run()
#6 {main}
CRITICAL - 2020-08-21 01:53:05 --> Invalid argument supplied for foreach()
#0 C:\xampp\htdocs\wisata_indramayu\app\Controllers\Webhook\DialogflowRespond.php(220): CodeIgniter\Debug\Exceptions->errorHandler(2, 'Invalid argumen...', 'C:\\xampp\\htdocs...', 220, Array)
#1 C:\xampp\htdocs\wisata_indramayu\app\Controllers\Webhook\DialogflowRespond.php(64): App\Controllers\Webhook\DialogflowRespond->sendRichMessageForWisataList('Berikut adalah ...', 'Berikut ini ada...')
#2 C:\xampp\htdocs\wisata_indramayu\system\CodeIgniter.php(914): App\Controllers\Webhook\DialogflowRespond->index()
#3 C:\xampp\htdocs\wisata_indramayu\system\CodeIgniter.php(400): CodeIgniter\CodeIgniter->runController(Object(App\Controllers\Webhook\DialogflowRespond))
#4 C:\xampp\htdocs\wisata_indramayu\system\CodeIgniter.php(308): CodeIgniter\CodeIgniter->handleRequest(NULL, Object(Config\Cache), false)
#5 C:\xampp\htdocs\wisata_indramayu\public\index.php(45): CodeIgniter\CodeIgniter->run()
#6 {main}
CRITICAL - 2020-08-21 01:53:12 --> Invalid argument supplied for foreach()
#0 C:\xampp\htdocs\wisata_indramayu\app\Controllers\Webhook\DialogflowRespond.php(220): CodeIgniter\Debug\Exceptions->errorHandler(2, 'Invalid argumen...', 'C:\\xampp\\htdocs...', 220, Array)
#1 C:\xampp\htdocs\wisata_indramayu\app\Controllers\Webhook\DialogflowRespond.php(64): App\Controllers\Webhook\DialogflowRespond->sendRichMessageForWisataList('Berikut adalah ...', 'Berikut ini ada...')
#2 C:\xampp\htdocs\wisata_indramayu\system\CodeIgniter.php(914): App\Controllers\Webhook\DialogflowRespond->index()
#3 C:\xampp\htdocs\wisata_indramayu\system\CodeIgniter.php(400): CodeIgniter\CodeIgniter->runController(Object(App\Controllers\Webhook\DialogflowRespond))
#4 C:\xampp\htdocs\wisata_indramayu\system\CodeIgniter.php(308): CodeIgniter\CodeIgniter->handleRequest(NULL, Object(Config\Cache), false)
#5 C:\xampp\htdocs\wisata_indramayu\public\index.php(45): CodeIgniter\CodeIgniter->run()
#6 {main}
CRITICAL - 2020-08-21 01:54:13 --> Invalid argument supplied for foreach()
#0 C:\xampp\htdocs\wisata_indramayu\app\Controllers\Webhook\DialogflowRespond.php(221): CodeIgniter\Debug\Exceptions->errorHandler(2, 'Invalid argumen...', 'C:\\xampp\\htdocs...', 221, Array)
#1 C:\xampp\htdocs\wisata_indramayu\app\Controllers\Webhook\DialogflowRespond.php(64): App\Controllers\Webhook\DialogflowRespond->sendRichMessageForWisataList('Berikut adalah ...', 'Berikut ini ada...')
#2 C:\xampp\htdocs\wisata_indramayu\system\CodeIgniter.php(914): App\Controllers\Webhook\DialogflowRespond->index()
#3 C:\xampp\htdocs\wisata_indramayu\system\CodeIgniter.php(400): CodeIgniter\CodeIgniter->runController(Object(App\Controllers\Webhook\DialogflowRespond))
#4 C:\xampp\htdocs\wisata_indramayu\system\CodeIgniter.php(308): CodeIgniter\CodeIgniter->handleRequest(NULL, Object(Config\Cache), false)
#5 C:\xampp\htdocs\wisata_indramayu\public\index.php(45): CodeIgniter\CodeIgniter->run()
#6 {main}
CRITICAL - 2020-08-21 01:57:15 --> Invalid argument supplied for foreach()
#0 C:\xampp\htdocs\wisata_indramayu\app\Controllers\Webhook\DialogflowRespond.php(221): CodeIgniter\Debug\Exceptions->errorHandler(2, 'Invalid argumen...', 'C:\\xampp\\htdocs...', 221, Array)
#1 C:\xampp\htdocs\wisata_indramayu\app\Controllers\Webhook\DialogflowRespond.php(64): App\Controllers\Webhook\DialogflowRespond->sendRichMessageForWisataList('Berikut adalah ...', 'Berikut ini ada...')
#2 C:\xampp\htdocs\wisata_indramayu\system\CodeIgniter.php(914): App\Controllers\Webhook\DialogflowRespond->index()
#3 C:\xampp\htdocs\wisata_indramayu\system\CodeIgniter.php(400): CodeIgniter\CodeIgniter->runController(Object(App\Controllers\Webhook\DialogflowRespond))
#4 C:\xampp\htdocs\wisata_indramayu\system\CodeIgniter.php(308): CodeIgniter\CodeIgniter->handleRequest(NULL, Object(Config\Cache), false)
#5 C:\xampp\htdocs\wisata_indramayu\public\index.php(45): CodeIgniter\CodeIgniter->run()
#6 {main}
CRITICAL - 2020-08-21 02:13:01 --> Undefined variable: akses
#0 C:\xampp\htdocs\wisata_indramayu\app\Models\TempatWisataModel.php(172): CodeIgniter\Debug\Exceptions->errorHandler(8, 'Undefined varia...', 'C:\\xampp\\htdocs...', 172, Array)
#1 C:\xampp\htdocs\wisata_indramayu\app\Controllers\Webhook\DialogflowRespond.php(76): App\Models\TempatWisataModel->getLokasiWisata('balongan')
#2 C:\xampp\htdocs\wisata_indramayu\system\CodeIgniter.php(914): App\Controllers\Webhook\DialogflowRespond->index()
#3 C:\xampp\htdocs\wisata_indramayu\system\CodeIgniter.php(400): CodeIgniter\CodeIgniter->runController(Object(App\Controllers\Webhook\DialogflowRespond))
#4 C:\xampp\htdocs\wisata_indramayu\system\CodeIgniter.php(308): CodeIgniter\CodeIgniter->handleRequest(NULL, Object(Config\Cache), false)
#5 C:\xampp\htdocs\wisata_indramayu\public\index.php(45): CodeIgniter\CodeIgniter->run()
#6 {main}
CRITICAL - 2020-08-21 02:40:39 --> Undefined index: keterangan
#0 C:\xampp\htdocs\wisata_indramayu\app\Controllers\Webhook\DialogflowRespond.php(234): CodeIgniter\Debug\Exceptions->errorHandler(8, 'Undefined index...', 'C:\\xampp\\htdocs...', 234, Array)
#1 C:\xampp\htdocs\wisata_indramayu\app\Controllers\Webhook\DialogflowRespond.php(113): App\Controllers\Webhook\DialogflowRespond->sendRichMessageForHargaTiket(Array, 'Harga tiket Pan...')
#2 C:\xampp\htdocs\wisata_indramayu\system\CodeIgniter.php(914): App\Controllers\Webhook\DialogflowRespond->index()
#3 C:\xampp\htdocs\wisata_indramayu\system\CodeIgniter.php(400): CodeIgniter\CodeIgniter->runController(Object(App\Controllers\Webhook\DialogflowRespond))
#4 C:\xampp\htdocs\wisata_indramayu\system\CodeIgniter.php(308): CodeIgniter\CodeIgniter->handleRequest(NULL, Object(Config\Cache), false)
#5 C:\xampp\htdocs\wisata_indramayu\public\index.php(45): CodeIgniter\CodeIgniter->run()
#6 {main}
CRITICAL - 2020-08-21 02:41:05 --> Undefined index: keterangan
#0 C:\xampp\htdocs\wisata_indramayu\app\Controllers\Webhook\DialogflowRespond.php(234): CodeIgniter\Debug\Exceptions->errorHandler(8, 'Undefined index...', 'C:\\xampp\\htdocs...', 234, Array)
#1 C:\xampp\htdocs\wisata_indramayu\app\Controllers\Webhook\DialogflowRespond.php(113): App\Controllers\Webhook\DialogflowRespond->sendRichMessageForHargaTiket(Array, 'Harga tiket Pan...')
#2 C:\xampp\htdocs\wisata_indramayu\system\CodeIgniter.php(914): App\Controllers\Webhook\DialogflowRespond->index()
#3 C:\xampp\htdocs\wisata_indramayu\system\CodeIgniter.php(400): CodeIgniter\CodeIgniter->runController(Object(App\Controllers\Webhook\DialogflowRespond))
#4 C:\xampp\htdocs\wisata_indramayu\system\CodeIgniter.php(308): CodeIgniter\CodeIgniter->handleRequest(NULL, Object(Config\Cache), false)
#5 C:\xampp\htdocs\wisata_indramayu\public\index.php(45): CodeIgniter\CodeIgniter->run()
#6 {main}
CRITICAL - 2020-08-21 02:41:50 --> Undefined index: keterangan
#0 C:\xampp\htdocs\wisata_indramayu\app\Controllers\Webhook\DialogflowRespond.php(234): CodeIgniter\Debug\Exceptions->errorHandler(8, 'Undefined index...', 'C:\\xampp\\htdocs...', 234, Array)
#1 C:\xampp\htdocs\wisata_indramayu\app\Controllers\Webhook\DialogflowRespond.php(113): App\Controllers\Webhook\DialogflowRespond->sendRichMessageForHargaTiket(Array, 'Harga tiket Pan...')
#2 C:\xampp\htdocs\wisata_indramayu\system\CodeIgniter.php(914): App\Controllers\Webhook\DialogflowRespond->index()
#3 C:\xampp\htdocs\wisata_indramayu\system\CodeIgniter.php(400): CodeIgniter\CodeIgniter->runController(Object(App\Controllers\Webhook\DialogflowRespond))
#4 C:\xampp\htdocs\wisata_indramayu\system\CodeIgniter.php(308): CodeIgniter\CodeIgniter->handleRequest(NULL, Object(Config\Cache), false)
#5 C:\xampp\htdocs\wisata_indramayu\public\index.php(45): CodeIgniter\CodeIgniter->run()
#6 {main}
CRITICAL - 2020-08-21 02:42:26 --> Undefined index: keterangan
#0 C:\xampp\htdocs\wisata_indramayu\app\Controllers\Webhook\DialogflowRespond.php(234): CodeIgniter\Debug\Exceptions->errorHandler(8, 'Undefined index...', 'C:\\xampp\\htdocs...', 234, Array)
#1 C:\xampp\htdocs\wisata_indramayu\app\Controllers\Webhook\DialogflowRespond.php(113): App\Controllers\Webhook\DialogflowRespond->sendRichMessageForHargaTiket(Array, 'Harga tiket Pan...')
#2 C:\xampp\htdocs\wisata_indramayu\system\CodeIgniter.php(914): App\Controllers\Webhook\DialogflowRespond->index()
#3 C:\xampp\htdocs\wisata_indramayu\system\CodeIgniter.php(400): CodeIgniter\CodeIgniter->runController(Object(App\Controllers\Webhook\DialogflowRespond))
#4 C:\xampp\htdocs\wisata_indramayu\system\CodeIgniter.php(308): CodeIgniter\CodeIgniter->handleRequest(NULL, Object(Config\Cache), false)
#5 C:\xampp\htdocs\wisata_indramayu\public\index.php(45): CodeIgniter\CodeIgniter->run()
#6 {main}
